<?xml version="1.0" encoding="UTF-8"?>
<!-- Generated by org.testng.reporters.JUnitReportReporter -->
<testsuite hostname="Hp" failures="1" tests="9" name="testcases.operationTheatre_testcase" time="62.655" errors="0" timestamp="2025-09-03T20:43:48 IST" skipped="0">
  <testcase classname="testcases.operationTheatre_testcase" name="verifyTitleAndURLOfTheHomePage" time="27.962"/>
  <testcase classname="testcases.operationTheatre_testcase" name="goToOperationTheatreModuleVerifyTableHeaderName" time="3.764"/>
  <testcase classname="testcases.operationTheatre_testcase" name="verifyBookingOTScheduleFormByClickingOnNewOTBookingButton" time="2.898"/>
  <testcase classname="testcases.operationTheatre_testcase" name="verifyEnteredDataIsPresentInSelectPatientTextbox" time="1.142"/>
  <testcase classname="testcases.operationTheatre_testcase" name="verifyPlaceholderNameOfTexboxIfTextboxIsEnabled" time="2.337"/>
  <testcase classname="testcases.operationTheatre_testcase" name="verifyButtonIsPresentAfterSendValueToSurgenNameTextfield" time="4.748">
    <failure message="expected [ Dr. pooja Mishra  ] but found [ Dr. ALEX OKELLO ONYIEGO  ]" type="java.lang.AssertionError">
      <![CDATA[java.lang.AssertionError: expected [ Dr. pooja Mishra  ] but found [ Dr. ALEX OKELLO ONYIEGO  ]
at org.testng.Assert.fail(Assert.java:111)
at org.testng.Assert.failNotEquals(Assert.java:1578)
at org.testng.Assert.assertEqualsImpl(Assert.java:150)
at org.testng.Assert.assertEquals(Assert.java:132)
at org.testng.Assert.assertEquals(Assert.java:656)
at org.testng.Assert.assertEquals(Assert.java:666)
at testcases.operationTheatre_testcase.verifyButtonIsPresentAfterSendValueToSurgenNameTextfield(operationTheatre_testcase.java:129)
at java.base/jdk.internal.reflect.DirectMethodHandleAccessor.invoke(DirectMethodHandleAccessor.java:103)
at java.base/java.lang.reflect.Method.invoke(Method.java:580)
at org.testng.internal.invokers.MethodInvocationHelper.invokeMethod(MethodInvocationHelper.java:139)
at org.testng.internal.invokers.TestInvoker.invokeMethod(TestInvoker.java:664)
at org.testng.internal.invokers.TestInvoker.invokeTestMethod(TestInvoker.java:227)
at org.testng.internal.invokers.MethodRunner.runInSequence(MethodRunner.java:50)
at org.testng.internal.invokers.TestInvoker$MethodInvocationAgent.invoke(TestInvoker.java:957)
at org.testng.internal.invokers.TestInvoker.invokeTestMethods(TestInvoker.java:200)
at org.testng.internal.invokers.TestMethodWorker.invokeTestMethods(TestMethodWorker.java:148)
at org.testng.internal.invokers.TestMethodWorker.run(TestMethodWorker.java:128)
at java.base/java.util.concurrent.ThreadPoolExecutor.runWorker(ThreadPoolExecutor.java:1144)
at java.base/java.util.concurrent.ThreadPoolExecutor$Worker.run(ThreadPoolExecutor.java:642)
at java.base/java.lang.Thread.run(Thread.java:1583)
]]>
    </failure>
  </testcase> <!-- verifyButtonIsPresentAfterSendValueToSurgenNameTextfield -->
  <testcase classname="testcases.operationTheatre_testcase" name="verifyPlusButtonIsPresentAfterClickOnExternalCheckbox" time="3.369"/>
  <testcase classname="testcases.operationTheatre_testcase" name="verifyErrorMessageInAddExternalReferralForms" time="4.649"/>
  <testcase classname="testcases.operationTheatre_testcase" name="verifySuccessNotificationPopupMessage" time="11.786"/>
</testsuite> <!-- testcases.operationTheatre_testcase -->
