<?xml version="1.0" encoding="UTF-8"?>
<!-- Generated by org.testng.reporters.JUnitXMLReporter -->
<testsuite ignored="0" hostname="Hp" failures="1" tests="9" name="Test" time="73.865" errors="0" timestamp="2025-09-03T20:43:48 IST">
  <testcase classname="testcases.operationTheatre_testcase" name="verifyTitleAndURLOfTheHomePage" time="27.962"/>
  <testcase classname="testcases.operationTheatre_testcase" name="goToOperationTheatreModuleVerifyTableHeaderName" time="3.764"/>
  <testcase classname="testcases.operationTheatre_testcase" name="verifyBookingOTScheduleFormByClickingOnNewOTBookingButton" time="2.898"/>
  <testcase classname="testcases.operationTheatre_testcase" name="verifyEnteredDataIsPresentInSelectPatientTextbox" time="1.142"/>
  <testcase classname="testcases.operationTheatre_testcase" name="verifyPlaceholderNameOfTexboxIfTextboxIsEnabled" time="2.337"/>
  <testcase classname="testcases.operationTheatre_testcase" name="verifyButtonIsPresentAfterSendValueToSurgenNameTextfield" time="4.748">
    <failure type="java.lang.AssertionError" message="expected [ Dr. pooja Mishra  ] but found [ Dr. ALEX OKELLO ONYIEGO  ]">
      <![CDATA[java.lang.AssertionError: expected [ Dr. pooja Mishra  ] but found [ Dr. ALEX OKELLO ONYIEGO  ]
at testcases.operationTheatre_testcase.verifyButtonIsPresentAfterSendValueToSurgenNameTextfield(operationTheatre_testcase.java:129)
at java.base/java.util.concurrent.ThreadPoolExecutor.runWorker(ThreadPoolExecutor.java:1144)
at java.base/java.util.concurrent.ThreadPoolExecutor$Worker.run(ThreadPoolExecutor.java:642)
at java.base/java.lang.Thread.run(Thread.java:1583)
... Removed 16 stack frames]]>
    </failure>
  </testcase> <!-- verifyButtonIsPresentAfterSendValueToSurgenNameTextfield -->
  <testcase classname="testcases.operationTheatre_testcase" name="verifyPlusButtonIsPresentAfterClickOnExternalCheckbox" time="3.369"/>
  <testcase classname="testcases.operationTheatre_testcase" name="verifyErrorMessageInAddExternalReferralForms" time="4.649"/>
  <testcase classname="testcases.operationTheatre_testcase" name="verifySuccessNotificationPopupMessage" time="11.786"/>
</testsuite> <!-- Test -->
